#
# A fatal error has been detected by the Java Runtime Environment:
#
#  SIGSEGV (0xb) at pc=0x000000010700b62c, pid=20352, tid=18435
#
# JRE version: Java(TM) SE Runtime Environment (8.0_05-b13) (build 1.8.0_05-b13)
# Java VM: Java HotSpot(TM) 64-Bit Server VM (25.5-b02 mixed mode bsd-amd64 compressed oops)
# Problematic frame:
# V  [libjvm.dylib+0x40b62c]  Method::checked_resolve_jmethod_id(_jmethodID*)+0xe
#
# Failed to write core dump. Core dumps have been disabled. To enable core dumping, try "ulimit -c unlimited" before starting Java again
#
# If you would like to submit a bug report, please visit:
#   http://bugreport.sun.com/bugreport/crash.jsp
#

---------------  T H R E A D  ---------------

Current thread (0x00007fe932818000):  JavaThread "JDWP Transport Listener: dt_socket" daemon [_thread_in_vm, id=18435, stack(0x000000011ddb6000,0x000000011deb6000)]

siginfo:si_signo=SIGSEGV: si_errno=0, si_code=0 (SEGV0), si_addr=0x0000000000000000

Registers:
RAX=0x0000000000000001, RBX=0x000000011deb5a8b, RCX=0x00000001073af780, RDX=0x000000011deb5a8b
RSP=0x000000011deb59d0, RBP=0x000000011deb59e0, RSI=0x00007fe932818000, RDI=0x0072657470616461
R8 =0x00007fe93262d180, R9 =0x0000000000000000, R10=0x000000002dc67a82, R11=0x000000008373e23e
R12=0x00007fe932818000, R13=0x0072657470616461, R14=0x0072657470616461, R15=0x00007fe932601c10
RIP=0x000000010700b62c, EFLAGS=0x0000000000010202, ERR=0x0000000000000000
  TRAPNO=0x000000000000000d

Top of Stack: (sp=0x000000011deb59d0)
0x000000011deb59d0:   000000011deb5a8b 000000011deb5a8b
0x000000011deb59e0:   000000011deb5a40 0000000106f2497a
0x000000011deb59f0:   00007fe932818000 0000000000000000
0x000000011deb5a00:   0000000000000000 0000000000000000
0x000000011deb5a10:   00007fe932818000 00007fe932818000
0x000000011deb5a20:   000000011deb5a8b 000000011deb5a90
0x000000011deb5a30:   0072657470616461 000000000000000c
0x000000011deb5a40:   000000011deb5a60 0000000107ae07dc
0x000000011deb5a50:   0000000000000001 000000011deb5b08
0x000000011deb5a60:   000000011deb5ad0 0000000107ac5263
0x000000011deb5a70:   000000011deb5aa0 00007fe93262d500
0x000000011deb5a80:   0000000e00000032 f000100a01eb5b08
0x000000011deb5a90:   0000000000000000 0000000000000000
0x000000011deb5aa0:   0000000000000000 000000011deb5c90
0x000000011deb5ab0:   0000000107ae7eca 00007fe932524ce0
0x000000011deb5ac0:   000000011deb5b08 0000000107af3588
0x000000011deb5ad0:   000000011deb5ae0 0000000107ac535c
0x000000011deb5ae0:   000000011deb5d00 0000000107ace8f6
0x000000011deb5af0:   00001ebf00000013 00000000000f0200
0x000000011deb5b00:   00007fe932524c30 00007fe93384eea1
0x000000011deb5b10:   00007fe90000040f 00007fe93262d570
0x000000011deb5b20:   00007fe90000012c 000000011deb5b58
0x000000011deb5b30:   00007fe93262bda0 00007f0000000000
0x000000011deb5b40:   00001ebf0000000f 00007fff00005e80
0x000000011deb5b50:   000000011deb5b58 e97f00000e000000
0x000000011deb5b60:   1a000000e84b6232 72246164626d616c
0x000000011deb5b70:   5572657473696765 736e6f6974634149
0x000000011deb5b80:   4c28410000003024 692f7761682f6564
0x000000011deb5b90:   6974616d726f666e 614d2f6975672f6b
0x000000011deb5ba0:   776f646e69576e69 612f6176616a4c3b
0x000000011deb5bb0:   746e6576652f7477 456e6f697463412f
0x000000011deb5bc0:   0056293b746e6576 000a1000f0000000 

Instructions: (pc=0x000000010700b62c)
0x000000010700b60c:   40 48 48 85 c0 75 e0 30 c0 0f b6 c0 5d c3 31 c0
0x000000010700b61c:   5d c3 55 48 89 e5 53 48 83 ec 08 48 85 ff 74 24
0x000000010700b62c:   48 8b 1f 48 85 db 74 1c 48 83 fb 37 74 16 48 8b
0x000000010700b63c:   03 48 89 df ff 50 08 84 c0 b8 00 00 00 00 48 0f 

Register to memory mapping:

RAX=0x0000000000000001 is an unknown value
RBX=0x000000011deb5a8b is pointing into the stack for thread: 0x00007fe932818000
RCX=0x00000001073af780: UseMembar+0 in /Library/Java/JavaVirtualMachines/jdk1.8.0_05.jdk/Contents/Home/jre/lib/server/libjvm.dylib at 0x0000000106c00000
RDX=0x000000011deb5a8b is pointing into the stack for thread: 0x00007fe932818000
RSP=0x000000011deb59d0 is pointing into the stack for thread: 0x00007fe932818000
RBP=0x000000011deb59e0 is pointing into the stack for thread: 0x00007fe932818000
RSI=0x00007fe932818000 is a thread
RDI=0x0072657470616461 is an unknown value
R8 =0x00007fe93262d180 is an unknown value
R9 =0x0000000000000000 is an unknown value
R10=0x000000002dc67a82 is an unknown value
R11=0x000000008373e23e is an unknown value
R12=0x00007fe932818000 is a thread
R13=0x0072657470616461 is an unknown value
R14=0x0072657470616461 is an unknown value
R15=0x00007fe932601c10 is an unknown value


Stack: [0x000000011ddb6000,0x000000011deb6000],  sp=0x000000011deb59d0,  free space=1022k
Native frames: (J=compiled Java code, j=interpreted, Vv=VM code, C=native code)
V  [libjvm.dylib+0x40b62c]  Method::checked_resolve_jmethod_id(_jmethodID*)+0xe
V  [libjvm.dylib+0x32497a]  jvmti_IsMethodSynthetic+0xb2
C  [libjdwp.dylib+0x207dc]  isMethodSynthetic+0x63
C  [libjdwp.dylib+0x5263]  methods1+0x10b
C  [libjdwp.dylib+0x535c]  methodsWithGeneric+0xe
C  [libjdwp.dylib+0xe8f6]  debugLoop_run+0x1ce
C  [libjdwp.dylib+0x1f716]  attachThread+0x4d
V  [libjvm.dylib+0x3659ea]  JvmtiAgentThread::call_start_function()+0x38
V  [libjvm.dylib+0x51ccf5]  JavaThread::thread_main_inner()+0x9b
V  [libjvm.dylib+0x51e432]  JavaThread::run()+0x1c2
V  [libjvm.dylib+0x445426]  java_start(Thread*)+0xf6
C  [libsystem_pthread.dylib+0x1899]  _pthread_body+0x8a
C  [libsystem_pthread.dylib+0x172a]  _pthread_struct_init+0x0
C  [libsystem_pthread.dylib+0x5fc9]  thread_start+0xd


---------------  P R O C E S S  ---------------

Java Threads: ( => current thread )
  0x00007fe93384c800 JavaThread "Service Thread" daemon [_thread_blocked, id=21507, stack(0x000000011e3c8000,0x000000011e4c8000)]
  0x00007fe933811000 JavaThread "C1 CompilerThread2" daemon [_thread_blocked, id=20995, stack(0x000000011e2c5000,0x000000011e3c5000)]
  0x00007fe93380e800 JavaThread "C2 CompilerThread1" daemon [_thread_blocked, id=20483, stack(0x000000011e1c2000,0x000000011e2c2000)]
  0x00007fe932822800 JavaThread "C2 CompilerThread0" daemon [_thread_blocked, id=19971, stack(0x000000011e0bf000,0x000000011e1bf000)]
  0x00007fe93380f800 JavaThread "JDWP Command Reader" daemon [_thread_in_native, id=19459, stack(0x000000011dfbc000,0x000000011e0bc000)]
  0x00007fe93380d800 JavaThread "JDWP Event Helper Thread" daemon [_thread_blocked, id=18947, stack(0x000000011deb9000,0x000000011dfb9000)]
=>0x00007fe932818000 JavaThread "JDWP Transport Listener: dt_socket" daemon [_thread_in_vm, id=18435, stack(0x000000011ddb6000,0x000000011deb6000)]
  0x00007fe93302e000 JavaThread "Signal Dispatcher" daemon [_thread_blocked, id=17923, stack(0x000000011dcac000,0x000000011ddac000)]
  0x00007fe933059000 JavaThread "Finalizer" daemon [_thread_blocked, id=13059, stack(0x000000011da5d000,0x000000011db5d000)]
  0x00007fe933058800 JavaThread "Reference Handler" daemon [_thread_blocked, id=12547, stack(0x000000011d95a000,0x000000011da5a000)]
  0x00007fe932807800 JavaThread "main" [_thread_blocked, id=6915, stack(0x0000000106281000,0x0000000106381000)]

Other Threads:
  0x00007fe933054000 VMThread [stack: 0x000000011d857000,0x000000011d957000] [id=12035]
  0x00007fe932823800 WatcherThread [stack: 0x000000011e4cb000,0x000000011e5cb000] [id=22019]

VM state:not at safepoint (normal execution)

VM Mutex/Monitor currently owned by a thread: None

Heap:
 PSYoungGen      total 1536K, used 821K [0x0000000795580000, 0x0000000795880000, 0x00000007c0000000)
  eden space 1024K, 33% used [0x0000000795580000,0x00000007955d56c0,0x0000000795680000)
  from space 512K, 93% used [0x0000000795680000,0x00000007956f8020,0x0000000795700000)
  to   space 512K, 0% used [0x0000000795800000,0x0000000795800000,0x0000000795880000)
 ParOldGen       total 129536K, used 294K [0x0000000740000000, 0x0000000747e80000, 0x0000000795580000)
  object space 129536K, 0% used [0x0000000740000000,0x0000000740049b28,0x0000000747e80000)
 Metaspace       used 3565K, capacity 4850K, committed 5120K, reserved 1056768K
  class space    used 368K, capacity 418K, committed 512K, reserved 1048576K

Card table byte_map: [0x0000000116ecb000,0x00000001172cc000] byte_map_base: 0x00000001134cb000

Marking Bits: (ParMarkBitMap*) 0x00000001074660a0
 Begin Bits: [0x0000000117983000, 0x0000000119983000)
 End Bits:   [0x0000000119983000, 0x000000011b983000)

Polling page: 0x00000001063c5000

CodeCache: size=245760Kb used=1211Kb max_used=1223Kb free=244548Kb
 bounds [0x0000000107b0b000, 0x0000000107d7b000, 0x0000000116b0b000]
 total_blobs=317 nmethods=83 adapters=158
 compilation: enabled

Compilation events (10 events):
Event: 0.191 Thread 0x00007fe933811000   79       3       java.io.File::isInvalid (47 bytes)
Event: 0.192 Thread 0x00007fe933811000 nmethod 79 0x0000000107c37fd0 code [0x0000000107c38160, 0x0000000107c38588]
Event: 0.195 Thread 0x00007fe933811000   80       1       java.net.URL::getRef (5 bytes)
Event: 0.195 Thread 0x00007fe933811000 nmethod 80 0x0000000107c38690 code [0x0000000107c387e0, 0x0000000107c388f0]
Event: 0.195 Thread 0x00007fe933811000   81       1       java.net.URL::getQuery (5 bytes)
Event: 0.195 Thread 0x00007fe933811000 nmethod 81 0x0000000107c38950 code [0x0000000107c38aa0, 0x0000000107c38bb0]
Event: 0.195 Thread 0x00007fe933811000   82       1       java.net.URL::getHost (5 bytes)
Event: 0.195 Thread 0x00007fe933811000 nmethod 82 0x0000000107c38c10 code [0x0000000107c38d60, 0x0000000107c38e70]
Event: 5.244 Thread 0x00007fe93380e800   83       4       java.lang.String::indexOf (70 bytes)
Event: 5.247 Thread 0x00007fe93380e800 nmethod 83 0x0000000107c3cad0 code [0x0000000107c3cc20, 0x0000000107c3ce08]

GC Heap History (6 events):
Event: 0.125 GC heap before
{Heap before GC invocations=1 (full 0):
 PSYoungGen      total 1024K, used 512K [0x0000000795580000, 0x0000000795700000, 0x00000007c0000000)
  eden space 512K, 100% used [0x0000000795580000,0x0000000795600000,0x0000000795600000)
  from space 512K, 0% used [0x0000000795680000,0x0000000795680000,0x0000000795700000)
  to   space 512K, 0% used [0x0000000795600000,0x0000000795600000,0x0000000795680000)
 ParOldGen       total 129536K, used 0K [0x0000000740000000, 0x0000000747e80000, 0x0000000795580000)
  object space 129536K, 0% used [0x0000000740000000,0x0000000740000000,0x0000000747e80000)
 Metaspace       used 2243K, capacity 4480K, committed 4480K, reserved 1056768K
  class space    used 240K, capacity 384K, committed 384K, reserved 1048576K
Event: 0.127 GC heap after
Heap after GC invocations=1 (full 0):
 PSYoungGen      total 1024K, used 400K [0x0000000795580000, 0x0000000795780000, 0x00000007c0000000)
  eden space 512K, 0% used [0x0000000795580000,0x0000000795580000,0x0000000795600000)
  from space 512K, 78% used [0x0000000795600000,0x0000000795664010,0x0000000795680000)
  to   space 512K, 0% used [0x0000000795700000,0x0000000795700000,0x0000000795780000)
 ParOldGen       total 129536K, used 0K [0x0000000740000000, 0x0000000747e80000, 0x0000000795580000)
  object space 129536K, 0% used [0x0000000740000000,0x0000000740000000,0x0000000747e80000)
 Metaspace       used 2243K, capacity 4480K, committed 4480K, reserved 1056768K
  class space    used 240K, capacity 384K, committed 384K, reserved 1048576K
}
Event: 0.167 GC heap before
{Heap before GC invocations=2 (full 0):
 PSYoungGen      total 1024K, used 910K [0x0000000795580000, 0x0000000795780000, 0x00000007c0000000)
  eden space 512K, 99% used [0x0000000795580000,0x00000007955ff8b8,0x0000000795600000)
  from space 512K, 78% used [0x0000000795600000,0x0000000795664010,0x0000000795680000)
  to   space 512K, 0% used [0x0000000795700000,0x0000000795700000,0x0000000795780000)
 ParOldGen       total 129536K, used 0K [0x0000000740000000, 0x0000000747e80000, 0x0000000795580000)
  object space 129536K, 0% used [0x0000000740000000,0x0000000740000000,0x0000000747e80000)
 Metaspace       used 2656K, capacity 4480K, committed 4480K, reserved 1056768K
  class space    used 286K, capacity 384K, committed 384K, reserved 1048576K
Event: 0.169 GC heap after
Heap after GC invocations=2 (full 0):
 PSYoungGen      total 1536K, used 512K [0x0000000795580000, 0x0000000795780000, 0x00000007c0000000)
  eden space 1024K, 0% used [0x0000000795580000,0x0000000795580000,0x0000000795680000)
  from space 512K, 100% used [0x0000000795700000,0x0000000795780000,0x0000000795780000)
  to   space 512K, 0% used [0x0000000795680000,0x0000000795680000,0x0000000795700000)
 ParOldGen       total 129536K, used 32K [0x0000000740000000, 0x0000000747e80000, 0x0000000795580000)
  object space 129536K, 0% used [0x0000000740000000,0x0000000740008000,0x0000000747e80000)
 Metaspace       used 2656K, capacity 4480K, committed 4480K, reserved 1056768K
  class space    used 286K, capacity 384K, committed 384K, reserved 1048576K
}
Event: 5.140 GC heap before
{Heap before GC invocations=3 (full 0):
 PSYoungGen      total 1536K, used 1536K [0x0000000795580000, 0x0000000795780000, 0x00000007c0000000)
  eden space 1024K, 100% used [0x0000000795580000,0x0000000795680000,0x0000000795680000)
  from space 512K, 100% used [0x0000000795700000,0x0000000795780000,0x0000000795780000)
  to   space 512K, 0% used [0x0000000795680000,0x0000000795680000,0x0000000795700000)
 ParOldGen       total 129536K, used 32K [0x0000000740000000, 0x0000000747e80000, 0x0000000795580000)
  object space 129536K, 0% used [0x0000000740000000,0x0000000740008000,0x0000000747e80000)
 Metaspace       used 3272K, capacity 4658K, committed 4864K, reserved 1056768K
  class space    used 343K, capacity 418K, committed 512K, reserved 1048576K
Event: 5.141 GC heap after
Heap after GC invocations=3 (full 0):
 PSYoungGen      total 1536K, used 480K [0x0000000795580000, 0x0000000795880000, 0x00000007c0000000)
  eden space 1024K, 0% used [0x0000000795580000,0x0000000795580000,0x0000000795680000)
  from space 512K, 93% used [0x0000000795680000,0x00000007956f8020,0x0000000795700000)
  to   space 512K, 0% used [0x0000000795800000,0x0000000795800000,0x0000000795880000)
 ParOldGen       total 129536K, used 294K [0x0000000740000000, 0x0000000747e80000, 0x0000000795580000)
  object space 129536K, 0% used [0x0000000740000000,0x0000000740049b28,0x0000000747e80000)
 Metaspace       used 3272K, capacity 4658K, committed 4864K, reserved 1056768K
  class space    used 343K, capacity 418K, committed 512K, reserved 1048576K
}

Deoptimization events (0 events):
No events

Internal exceptions (10 events):
Event: 5.145 Thread 0x00007fe932807800 Exception <a 'java/security/PrivilegedActionException'> (0x00000007955919c8) thrown at [/HUDSON/workspace/8-2-build-macosx-x86_64/jdk8u5/2488/hotspot/src/share/vm/prims/jvm.cpp, line 1248]
Event: 5.147 Thread 0x00007fe932807800 Exception <a 'java/security/PrivilegedActionException'> (0x0000000795596d98) thrown at [/HUDSON/workspace/8-2-build-macosx-x86_64/jdk8u5/2488/hotspot/src/share/vm/prims/jvm.cpp, line 1248]
Event: 5.148 Thread 0x00007fe932807800 Exception <a 'java/security/PrivilegedActionException'> (0x000000079559c0a0) thrown at [/HUDSON/workspace/8-2-build-macosx-x86_64/jdk8u5/2488/hotspot/src/share/vm/prims/jvm.cpp, line 1248]
Event: 5.149 Thread 0x00007fe932807800 Exception <a 'java/security/PrivilegedActionException'> (0x00000007955a1718) thrown at [/HUDSON/workspace/8-2-build-macosx-x86_64/jdk8u5/2488/hotspot/src/share/vm/prims/jvm.cpp, line 1248]
Event: 5.151 Thread 0x00007fe932807800 Exception <a 'java/security/PrivilegedActionException'> (0x00000007955a7948) thrown at [/HUDSON/workspace/8-2-build-macosx-x86_64/jdk8u5/2488/hotspot/src/share/vm/prims/jvm.cpp, line 1248]
Event: 5.153 Thread 0x00007fe932807800 Exception <a 'java/security/PrivilegedActionException'> (0x00000007955acd48) thrown at [/HUDSON/workspace/8-2-build-macosx-x86_64/jdk8u5/2488/hotspot/src/share/vm/prims/jvm.cpp, line 1248]
Event: 5.155 Thread 0x00007fe932807800 Exception <a 'java/security/PrivilegedActionException'> (0x00000007955b5318) thrown at [/HUDSON/workspace/8-2-build-macosx-x86_64/jdk8u5/2488/hotspot/src/share/vm/prims/jvm.cpp, line 1248]
Event: 5.158 Thread 0x00007fe932807800 Exception <a 'java/security/PrivilegedActionException'> (0x00000007955bcaa8) thrown at [/HUDSON/workspace/8-2-build-macosx-x86_64/jdk8u5/2488/hotspot/src/share/vm/prims/jvm.cpp, line 1248]
Event: 5.159 Thread 0x00007fe932807800 Exception <a 'java/security/PrivilegedActionException'> (0x00000007955c21b0) thrown at [/HUDSON/workspace/8-2-build-macosx-x86_64/jdk8u5/2488/hotspot/src/share/vm/prims/jvm.cpp, line 1248]
Event: 5.161 Thread 0x00007fe932807800 Exception <a 'java/security/PrivilegedActionException'> (0x00000007955c9748) thrown at [/HUDSON/workspace/8-2-build-macosx-x86_64/jdk8u5/2488/hotspot/src/share/vm/prims/jvm.cpp, line 1248]

Events (10 events):
Event: 3704.110 Executing VM operation: RedefineClasses
Event: 3704.111 Executing VM operation: RedefineClasses done
Event: 3975.195 Executing VM operation: RedefineClasses
Event: 3975.196 Executing VM operation: RedefineClasses done
Event: 4027.230 Executing VM operation: RedefineClasses
Event: 4027.231 Executing VM operation: RedefineClasses done
Event: 4175.544 Executing VM operation: RedefineClasses
Event: 4175.544 Executing VM operation: RedefineClasses done
Event: 4294.336 Executing VM operation: RedefineClasses
Event: 4294.337 Executing VM operation: RedefineClasses done


Dynamic libraries:
0x00000000008e5000 	/System/Library/Frameworks/Cocoa.framework/Versions/A/Cocoa
0x00000000008e5000 	/System/Library/Frameworks/Security.framework/Versions/A/Security
0x00000000008e5000 	/System/Library/Frameworks/ApplicationServices.framework/Versions/A/ApplicationServices
0x00000000008e5000 	/usr/lib/libz.1.dylib
0x00000000008e5000 	/usr/lib/libSystem.B.dylib
0x00000000008e5000 	/usr/lib/libobjc.A.dylib
0x00000000008e5000 	/System/Library/Frameworks/CoreFoundation.framework/Versions/A/CoreFoundation
0x00000000008e5000 	/System/Library/Frameworks/Foundation.framework/Versions/C/Foundation
0x00000000008e5000 	/System/Library/Frameworks/AppKit.framework/Versions/C/AppKit
0x00000000008e5000 	/System/Library/Frameworks/CoreData.framework/Versions/A/CoreData
0x00000000008e5000 	/System/Library/PrivateFrameworks/RemoteViewServices.framework/Versions/A/RemoteViewServices
0x00000000008e5000 	/System/Library/Frameworks/AudioToolbox.framework/Versions/A/AudioToolbox
0x00000000008e5000 	/System/Library/Frameworks/AudioUnit.framework/Versions/A/AudioUnit
0x00000000008e5000 	/System/Library/PrivateFrameworks/DataDetectorsCore.framework/Versions/A/DataDetectorsCore
0x00000000008e5000 	/System/Library/PrivateFrameworks/DesktopServicesPriv.framework/Versions/A/DesktopServicesPriv
0x00000000008e5000 	/System/Library/Frameworks/Carbon.framework/Versions/A/Frameworks/HIToolbox.framework/Versions/A/HIToolbox
0x00000000008e5000 	/System/Library/Frameworks/QuartzCore.framework/Versions/A/QuartzCore
0x00000000008e5000 	/System/Library/Frameworks/Carbon.framework/Versions/A/Frameworks/SpeechRecognition.framework/Versions/A/SpeechRecognition
0x00000000008e5000 	/usr/lib/libauto.dylib
0x00000000008e5000 	/usr/lib/libicucore.A.dylib
0x00000000008e5000 	/usr/lib/libxml2.2.dylib
0x00000000008e5000 	/System/Library/PrivateFrameworks/CoreUI.framework/Versions/A/CoreUI
0x00000000008e5000 	/System/Library/Frameworks/CoreAudio.framework/Versions/A/CoreAudio
0x00000000008e5000 	/System/Library/Frameworks/DiskArbitration.framework/Versions/A/DiskArbitration
0x00000000008e5000 	/usr/lib/liblangid.dylib
0x00000000008e5000 	/System/Library/PrivateFrameworks/MultitouchSupport.framework/Versions/A/MultitouchSupport
0x00000000008e5000 	/System/Library/Frameworks/IOKit.framework/Versions/A/IOKit
0x00000000008e5000 	/usr/lib/libDiagnosticMessagesClient.dylib
0x00000000008e5000 	/System/Library/Frameworks/CoreServices.framework/Versions/A/CoreServices
0x00000000008e5000 	/System/Library/PrivateFrameworks/PerformanceAnalysis.framework/Versions/A/PerformanceAnalysis
0x00000000008e5000 	/System/Library/PrivateFrameworks/GenerationalStorage.framework/Versions/A/GenerationalStorage
0x00000000008e5000 	/System/Library/Frameworks/OpenGL.framework/Versions/A/OpenGL
0x00000000008e5000 	/System/Library/PrivateFrameworks/Sharing.framework/Versions/A/Sharing
0x00000000008e5000 	/System/Library/Frameworks/ImageIO.framework/Versions/A/ImageIO
0x00000000008e5000 	/System/Library/Frameworks/CoreText.framework/Versions/A/CoreText
0x00000000008e5000 	/System/Library/Frameworks/CoreGraphics.framework/Versions/A/CoreGraphics
0x00000000008e5000 	/System/Library/PrivateFrameworks/Backup.framework/Versions/A/Backup
0x00000000008e5000 	/System/Library/Frameworks/CFNetwork.framework/Versions/A/CFNetwork
0x00000000008e5000 	/System/Library/Frameworks/SystemConfiguration.framework/Versions/A/SystemConfiguration
0x00000000008e5000 	/usr/lib/libCRFSuite.dylib
0x00000000008e5000 	/usr/lib/libc++.1.dylib
0x00000000008e5000 	/usr/lib/libc++abi.dylib
0x00000000008e5000 	/usr/lib/system/libcache.dylib
0x00000000008e5000 	/usr/lib/system/libcommonCrypto.dylib
0x00000000008e5000 	/usr/lib/system/libcompiler_rt.dylib
0x00000000008e5000 	/usr/lib/system/libcopyfile.dylib
0x00000000008e5000 	/usr/lib/system/libcorecrypto.dylib
0x00000000008e5000 	/usr/lib/system/libdispatch.dylib
0x00000000008e5000 	/usr/lib/system/libdyld.dylib
0x00000000008e5000 	/usr/lib/system/libkeymgr.dylib
0x00000000008e5000 	/usr/lib/system/liblaunch.dylib
0x00000000008e5000 	/usr/lib/system/libmacho.dylib
0x00000000008e5000 	/usr/lib/system/libquarantine.dylib
0x00000000008e5000 	/usr/lib/system/libremovefile.dylib
0x00000000008e5000 	/usr/lib/system/libsystem_asl.dylib
0x00000000008e5000 	/usr/lib/system/libsystem_blocks.dylib
0x00000000008e5000 	/usr/lib/system/libsystem_c.dylib
0x00000000008e5000 	/usr/lib/system/libsystem_configuration.dylib
0x00000000008e5000 	/usr/lib/system/libsystem_dnssd.dylib
0x00000000008e5000 	/usr/lib/system/libsystem_info.dylib
0x00000000008e5000 	/usr/lib/system/libsystem_kernel.dylib
0x00000000008e5000 	/usr/lib/system/libsystem_m.dylib
0x00000000008e5000 	/usr/lib/system/libsystem_malloc.dylib
0x00000000008e5000 	/usr/lib/system/libsystem_network.dylib
0x00000000008e5000 	/usr/lib/system/libsystem_notify.dylib
0x00000000008e5000 	/usr/lib/system/libsystem_platform.dylib
0x00000000008e5000 	/usr/lib/system/libsystem_pthread.dylib
0x00000000008e5000 	/usr/lib/system/libsystem_sandbox.dylib
0x00000000008e5000 	/usr/lib/system/libsystem_stats.dylib
0x00000000008e5000 	/usr/lib/system/libunc.dylib
0x00000000008e5000 	/usr/lib/system/libunwind.dylib
0x00000000008e5000 	/usr/lib/system/libxpc.dylib
0x00000000008e5000 	/usr/lib/libbsm.0.dylib
0x00000000008e5000 	/usr/lib/libsqlite3.dylib
0x00000000008e5000 	/usr/lib/libxar.1.dylib
0x00000000008e5000 	/usr/lib/libpam.2.dylib
0x00000000008e5000 	/usr/lib/libOpenScriptingUtil.dylib
0x00000000008e5000 	/usr/lib/libbz2.1.0.dylib
0x00000000008e5000 	/System/Library/Frameworks/CoreServices.framework/Versions/A/Frameworks/CarbonCore.framework/Versions/A/CarbonCore
0x00000000008e5000 	/System/Library/Frameworks/CoreServices.framework/Versions/A/Frameworks/Metadata.framework/Versions/A/Metadata
0x00000000008e5000 	/System/Library/Frameworks/CoreServices.framework/Versions/A/Frameworks/OSServices.framework/Versions/A/OSServices
0x00000000008e5000 	/System/Library/Frameworks/CoreServices.framework/Versions/A/Frameworks/SearchKit.framework/Versions/A/SearchKit
0x00000000008e5000 	/System/Library/Frameworks/CoreServices.framework/Versions/A/Frameworks/AE.framework/Versions/A/AE
0x00000000008e5000 	/System/Library/Frameworks/CoreServices.framework/Versions/A/Frameworks/LaunchServices.framework/Versions/A/LaunchServices
0x00000000008e5000 	/System/Library/Frameworks/CoreServices.framework/Versions/A/Frameworks/DictionaryServices.framework/Versions/A/DictionaryServices
0x00000000008e5000 	/System/Library/Frameworks/NetFS.framework/Versions/A/NetFS
0x00000000008e5000 	/usr/lib/system/libkxld.dylib
0x00000000008e5000 	/System/Library/PrivateFrameworks/NetAuth.framework/Versions/A/NetAuth
0x00000000008e5000 	/System/Library/PrivateFrameworks/TCC.framework/Versions/A/TCC
0x00000000008e5000 	/System/Library/Frameworks/OpenDirectory.framework/Versions/A/Frameworks/CFOpenDirectory.framework/Versions/A/CFOpenDirectory
0x00000000008e5000 	/System/Library/Frameworks/ServiceManagement.framework/Versions/A/ServiceManagement
0x00000000008e5000 	/usr/lib/libxslt.1.dylib
0x00000000008e5000 	/System/Library/Frameworks/Carbon.framework/Versions/A/Frameworks/Ink.framework/Versions/A/Ink
0x00000000008e5000 	/System/Library/Frameworks/ApplicationServices.framework/Versions/A/Frameworks/ATS.framework/Versions/A/ATS
0x00000000008e5000 	/System/Library/Frameworks/ApplicationServices.framework/Versions/A/Frameworks/ColorSync.framework/Versions/A/ColorSync
0x00000000008e5000 	/System/Library/Frameworks/ApplicationServices.framework/Versions/A/Frameworks/HIServices.framework/Versions/A/HIServices
0x00000000008e5000 	/System/Library/Frameworks/ApplicationServices.framework/Versions/A/Frameworks/LangAnalysis.framework/Versions/A/LangAnalysis
0x00000000008e5000 	/System/Library/Frameworks/ApplicationServices.framework/Versions/A/Frameworks/PrintCore.framework/Versions/A/PrintCore
0x00000000008e5000 	/System/Library/Frameworks/ApplicationServices.framework/Versions/A/Frameworks/QD.framework/Versions/A/QD
0x00000000008e5000 	/System/Library/Frameworks/ApplicationServices.framework/Versions/A/Frameworks/SpeechSynthesis.framework/Versions/A/SpeechSynthesis
0x00000000008e5000 	/System/Library/Frameworks/IOSurface.framework/Versions/A/IOSurface
0x00000000008e5000 	/System/Library/Frameworks/Accelerate.framework/Versions/A/Accelerate
0x00000000008e5000 	/System/Library/Frameworks/Accelerate.framework/Versions/A/Frameworks/vImage.framework/Versions/A/vImage
0x00000000008e5000 	/System/Library/Frameworks/Accelerate.framework/Versions/A/Frameworks/vecLib.framework/Versions/A/vecLib
0x00000000008e5000 	/System/Library/Frameworks/Accelerate.framework/Versions/A/Frameworks/vecLib.framework/Versions/A/libvDSP.dylib
0x00000000008e5000 	/System/Library/Frameworks/Accelerate.framework/Versions/A/Frameworks/vecLib.framework/Versions/A/libvMisc.dylib
0x00000000008e5000 	/System/Library/Frameworks/Accelerate.framework/Versions/A/Frameworks/vecLib.framework/Versions/A/libLAPACK.dylib
0x00000000008e5000 	/System/Library/Frameworks/Accelerate.framework/Versions/A/Frameworks/vecLib.framework/Versions/A/libBLAS.dylib
0x00000000008e5000 	/System/Library/Frameworks/ApplicationServices.framework/Versions/A/Frameworks/ATS.framework/Versions/A/Resources/libFontParser.dylib
0x00000000008e5000 	/System/Library/Frameworks/ApplicationServices.framework/Versions/A/Frameworks/ATS.framework/Versions/A/Resources/libFontRegistry.dylib
0x00000000008e5000 	/System/Library/Frameworks/ImageIO.framework/Versions/A/Resources/libJPEG.dylib
0x00000000008e5000 	/System/Library/Frameworks/ImageIO.framework/Versions/A/Resources/libTIFF.dylib
0x00000000008e5000 	/System/Library/Frameworks/ImageIO.framework/Versions/A/Resources/libPng.dylib
0x00000000008e5000 	/System/Library/Frameworks/ImageIO.framework/Versions/A/Resources/libGIF.dylib
0x00000000008e5000 	/System/Library/Frameworks/ImageIO.framework/Versions/A/Resources/libJP2.dylib
0x00000000008e5000 	/System/Library/Frameworks/ImageIO.framework/Versions/A/Resources/libRadiance.dylib
0x00000000008e5000 	/usr/lib/libcups.2.dylib
0x00000000008e5000 	/System/Library/Frameworks/Kerberos.framework/Versions/A/Kerberos
0x00000000008e5000 	/System/Library/Frameworks/GSS.framework/Versions/A/GSS
0x00000000008e5000 	/usr/lib/libresolv.9.dylib
0x00000000008e5000 	/usr/lib/libiconv.2.dylib
0x00000000008e5000 	/System/Library/PrivateFrameworks/Heimdal.framework/Versions/A/Heimdal
0x00000000008e5000 	/System/Library/PrivateFrameworks/TrustEvaluationAgent.framework/Versions/A/TrustEvaluationAgent
0x00000000008e5000 	/usr/lib/libheimdal-asn1.dylib
0x00000000008e5000 	/System/Library/Frameworks/OpenDirectory.framework/Versions/A/OpenDirectory
0x00000000008e5000 	/System/Library/PrivateFrameworks/CommonAuth.framework/Versions/A/CommonAuth
0x00000000008e5000 	/System/Library/Frameworks/SecurityFoundation.framework/Versions/A/SecurityFoundation
0x00000000008e5000 	/System/Library/PrivateFrameworks/Bom.framework/Versions/A/Bom
0x00000000008e5000 	/System/Library/Frameworks/CoreVideo.framework/Versions/A/CoreVideo
0x00000000008e5000 	/System/Library/Frameworks/QuartzCore.framework/Versions/A/Frameworks/CoreImage.framework/Versions/A/CoreImage
0x00000000008e5000 	/System/Library/Frameworks/QuartzCore.framework/Versions/A/Frameworks/ScalableUserInterface.framework/Versions/A/ScalableUserInterface
0x00000000008e5000 	/System/Library/Frameworks/OpenGL.framework/Versions/A/Libraries/libGLU.dylib
0x00000000008e5000 	/System/Library/Frameworks/OpenGL.framework/Versions/A/Libraries/libGFXShared.dylib
0x00000000008e5000 	/System/Library/Frameworks/OpenGL.framework/Versions/A/Libraries/libGL.dylib
0x00000000008e5000 	/System/Library/Frameworks/OpenGL.framework/Versions/A/Libraries/libGLImage.dylib
0x00000000008e5000 	/System/Library/Frameworks/OpenGL.framework/Versions/A/Libraries/libCVMSPluginSupport.dylib
0x00000000008e5000 	/System/Library/Frameworks/OpenGL.framework/Versions/A/Libraries/libCoreVMClient.dylib
0x00000000008e5000 	/System/Library/PrivateFrameworks/FaceCore.framework/Versions/A/FaceCore
0x00000000008e5000 	/System/Library/PrivateFrameworks/CrashReporterSupport.framework/Versions/A/CrashReporterSupport
0x00000000008e5000 	/System/Library/Frameworks/OpenCL.framework/Versions/A/OpenCL
0x00000000008e5000 	/System/Library/PrivateFrameworks/AppleFSCompression.framework/Versions/A/AppleFSCompression
0x00000000008e5000 	/System/Library/PrivateFrameworks/Ubiquity.framework/Versions/A/Ubiquity
0x00000000008e5000 	/System/Library/PrivateFrameworks/IconServices.framework/Versions/A/IconServices
0x00000000008e5000 	/System/Library/PrivateFrameworks/ChunkingLibrary.framework/Versions/A/ChunkingLibrary
0x00000000008e5000 	/System/Library/PrivateFrameworks/CoreSymbolication.framework/Versions/A/CoreSymbolication
0x00000000008e5000 	/System/Library/PrivateFrameworks/Symbolication.framework/Versions/A/Symbolication
0x00000000008e5000 	/System/Library/PrivateFrameworks/DebugSymbols.framework/Versions/A/DebugSymbols
0x0000000106c00000 	/Library/Java/JavaVirtualMachines/jdk1.8.0_05.jdk/Contents/Home/jre/lib/server/libjvm.dylib
0x00000000008e5000 	/usr/lib/libstdc++.6.dylib
0x0000000106383000 	/Library/Java/JavaVirtualMachines/jdk1.8.0_05.jdk/Contents/Home/jre/lib/libverify.dylib
0x0000000106391000 	/Library/Java/JavaVirtualMachines/jdk1.8.0_05.jdk/Contents/Home/jre/lib/libjava.dylib
0x0000000107ac0000 	/Library/Java/JavaVirtualMachines/jdk1.8.0_05.jdk/Contents/Home/jre/lib/libjdwp.dylib
0x00000001063c6000 	/Library/Java/JavaVirtualMachines/jdk1.8.0_05.jdk/Contents/Home/jre/lib/libnpt.dylib
0x00000001063d3000 	/Library/Java/JavaVirtualMachines/jdk1.8.0_05.jdk/Contents/Home/jre/lib/libzip.dylib
0x000000011db5f000 	/System/Library/Frameworks/JavaVM.framework/Frameworks/JavaRuntimeSupport.framework/JavaRuntimeSupport
0x000000011db77000 	/System/Library/Frameworks/JavaVM.framework/Versions/A/Frameworks/JavaNativeFoundation.framework/Versions/A/JavaNativeFoundation
0x000000011db8c000 	/System/Library/Frameworks/JavaVM.framework/Versions/A/JavaVM
0x00000000008e5000 	/System/Library/Frameworks/Carbon.framework/Versions/A/Carbon
0x000000011db99000 	/System/Library/PrivateFrameworks/JavaLaunching.framework/Versions/A/JavaLaunching
0x00000000008e5000 	/System/Library/Frameworks/Carbon.framework/Versions/A/Frameworks/CommonPanels.framework/Versions/A/CommonPanels
0x00000000008e5000 	/System/Library/Frameworks/Carbon.framework/Versions/A/Frameworks/Help.framework/Versions/A/Help
0x00000000008e5000 	/System/Library/Frameworks/Carbon.framework/Versions/A/Frameworks/ImageCapture.framework/Versions/A/ImageCapture
0x00000000008e5000 	/System/Library/Frameworks/Carbon.framework/Versions/A/Frameworks/OpenScripting.framework/Versions/A/OpenScripting
0x00000000008e5000 	/System/Library/Frameworks/Carbon.framework/Versions/A/Frameworks/Print.framework/Versions/A/Print
0x00000000008e5000 	/System/Library/Frameworks/Carbon.framework/Versions/A/Frameworks/SecurityHI.framework/Versions/A/SecurityHI
0x000000011ddae000 	/Library/Java/JavaVirtualMachines/jdk1.8.0_05.jdk/Contents/Home/jre/lib/libdt_socket.dylib

VM Arguments:
jvm_args: -agentlib:jdwp=transport=dt_socket,address=127.0.0.1:53962,suspend=y,server=n -Dfile.encoding=UTF-8 
java_command: de.haw.informatik.startup.StartUp
java_class_path (initial): /Library/Java/JavaVirtualMachines/jdk1.8.0_05.jdk/Contents/Home/lib/ant-javafx.jar:/Library/Java/JavaVirtualMachines/jdk1.8.0_05.jdk/Contents/Home/lib/dt.jar:/Library/Java/JavaVirtualMachines/jdk1.8.0_05.jdk/Contents/Home/lib/javafx-mx.jar:/Library/Java/JavaVirtualMachines/jdk1.8.0_05.jdk/Contents/Home/lib/jconsole.jar:/Library/Java/JavaVirtualMachines/jdk1.8.0_05.jdk/Contents/Home/lib/sa-jdi.jar:/Library/Java/JavaVirtualMachines/jdk1.8.0_05.jdk/Contents/Home/lib/tools.jar:/Library/Java/JavaVirtualMachines/jdk1.8.0_05.jdk/Contents/Home/jre/lib/charsets.jar:/Library/Java/JavaVirtualMachines/jdk1.8.0_05.jdk/Contents/Home/jre/lib/deploy.jar:/Library/Java/JavaVirtualMachines/jdk1.8.0_05.jdk/Contents/Home/jre/lib/htmlconverter.jar:/Library/Java/JavaVirtualMachines/jdk1.8.0_05.jdk/Contents/Home/jre/lib/javaws.jar:/Library/Java/JavaVirtualMachines/jdk1.8.0_05.jdk/Contents/Home/jre/lib/jce.jar:/Library/Java/JavaVirtualMachines/jdk1.8.0_05.jdk/Contents/Home/jre/lib/jfr.jar:/Library/Java/JavaVirtualMachines/jdk1.8.0_05.jdk/Contents/Home/jre/lib/jfxswt.jar:/Library/Java/JavaVirtualMachines/jdk1.8.0_05.jdk/Contents/Home/jre/lib/jsse.jar:/Library/Java/JavaVirtualMachines/jdk1.8.0_05.jdk/Contents/Home/jre/lib/management-agent.jar:/Library/Java/JavaVirtualMachines/jdk1.8.0_05.jdk/Contents/Home/jre/lib/plugin.jar:/Library/Java/JavaVirtualMachines/jdk1.8.0_05.jdk/Contents/Home/jre/lib/resources.jar:/Library/Java/JavaVirtualMachines/jdk1.8.0_05.jdk/Contents/Home/jre/lib/rt.jar:/Library/Java/JavaVirtualMachines/jdk1.8.0_05.jdk/Contents/Home/jre/lib/ext/cldrdata.jar:/Library/Java/JavaVirtualMachines/jdk1.8.0_05.jdk/Contents/Home/jre/lib/ext/dnsns.jar:/Library/Java/JavaVirtualMachines/jdk1.8.0_05.jdk/Contents/Home/jre/lib/ext/jfxrt.jar:/Library/Java/JavaVirtualMachines/jdk1.8.0_05.jdk/Contents/Home/jre/lib/ext/localedata.jar:/Library/Java/JavaVirtualMachines/jdk1.8.0_05.jdk/Contents/Home/jre/lib/ext/nashorn.jar:/Library/Java/JavaVirtualMachines/jdk1.8.0_05.j
Launcher Type: SUN_STANDARD

Environment Variables:
PATH=/Users/eneskaya/bin:/bin:/sbin:/usr/bin:/usr/local/sbin:/usr/local/bin:/Users/eneskaya/.composer/vendor/bin:/usr/bin:/bin:/usr/sbin:/sbin:/usr/local/bin:/usr/local/MacGPG2/bin
SHELL=/bin/bash

Signal Handlers:
SIGSEGV: [libjvm.dylib+0x55f7df], sa_mask[0]=0xfffefeff, sa_flags=0x00000043
SIGBUS: [libjvm.dylib+0x55f7df], sa_mask[0]=0xfffefeff, sa_flags=0x00000042
SIGFPE: [libjvm.dylib+0x442cfa], sa_mask[0]=0xfffefeff, sa_flags=0x00000042
SIGPIPE: [libjvm.dylib+0x442cfa], sa_mask[0]=0xfffefeff, sa_flags=0x00000042
SIGXFSZ: [libjvm.dylib+0x442cfa], sa_mask[0]=0xfffefeff, sa_flags=0x00000042
SIGILL: [libjvm.dylib+0x442cfa], sa_mask[0]=0xfffefeff, sa_flags=0x00000042
SIGUSR1: SIG_DFL, sa_mask[0]=0x00000000, sa_flags=0x00000002
SIGUSR2: [libjvm.dylib+0x442818], sa_mask[0]=0x00000004, sa_flags=0x00000042
SIGHUP: [libjvm.dylib+0x440ba5], sa_mask[0]=0xfffefeff, sa_flags=0x00000042
SIGINT: [libjvm.dylib+0x440ba5], sa_mask[0]=0xfffefeff, sa_flags=0x00000042
SIGTERM: [libjvm.dylib+0x440ba5], sa_mask[0]=0xfffefeff, sa_flags=0x00000042
SIGQUIT: [libjvm.dylib+0x440ba5], sa_mask[0]=0xfffefeff, sa_flags=0x00000042


---------------  S Y S T E M  ---------------

OS:Bsduname:Darwin 13.4.0 Darwin Kernel Version 13.4.0: Wed Dec 17 19:05:52 PST 2014; root:xnu-2422.115.10~1/RELEASE_X86_64 x86_64
rlimit: STACK 8192k, CORE 0k, NPROC 709, NOFILE 10240, AS infinity
load average:1.93 2.11 2.27

CPU:total 4 (2 cores per cpu, 2 threads per core) family 6 model 69 stepping 1, cmov, cx8, fxsr, mmx, sse, sse2, sse3, ssse3, sse4.1, sse4.2, popcnt, avx, avx2, aes, clmul, erms, ht, tsc, tscinvbit

Memory: 4k page, physical 8388608k(2241568k free)

/proc/meminfo:


vm_info: Java HotSpot(TM) 64-Bit Server VM (25.5-b02) for bsd-amd64 JRE (1.8.0_05-b13), built on Mar 18 2014 00:36:13 by "java_re" with gcc 4.2.1 (Based on Apple Inc. build 5658) (LLVM build 2336.11.00)

time: Wed May  6 14:24:41 2015
elapsed time: 4607 seconds

